Command line:
   tb_MIPS_VHDL_isim_beh.exe
     -simmode  gui
     -simrunnum  0
     -socket  60586

Thu Apr 09 01:40:33 2020


 Elaboration Time: 0.234375 sec

 Current Memory Usage: 5989.56 Meg

 Total Signals          : 94
 Total Nets             : 4691
 Total Signal Drivers   : 50
 Total Blocks           : 12
 Total Primitive Blocks : 10
 Total Processes        : 40
 Total Traceable Variables  : 17
 Total Scalar Nets and Variables : 5449
Total Line Count : 175

 Total Simulation Time: 0.25 sec

 Current Memory Usage: 5989.56 Meg

Thu Apr 09 01:40:43 2020

